============================================================
THRESHOLD TUNING — V1 & V2 MODELS
============================================================
============================================================
V1 THRESHOLD TUNING (User-Level Model)
============================================================
Val users: 9,011
Val crisis: 4,341 / 9,011

------------------------------------------------------------
DEFAULT THRESHOLD (0.50)
------------------------------------------------------------

Metric                         Value
-------------------------------------
Threshold                     0.5000
Recall (PRIMARY)              0.7987
Precision                     0.7983
F1 Score                      0.7985
AUROC                         0.8869
AUPRC                         0.8763

Confusion Matrix:
  TN= 3,794   FP=   876
  FN=   874   TP= 3,467

Classification Report:
              precision    recall  f1-score   support

  Non-Crisis       0.81      0.81      0.81      4670
      Crisis       0.80      0.80      0.80      4341

    accuracy                           0.81      9011
   macro avg       0.81      0.81      0.81      9011
weighted avg       0.81      0.81      0.81      9011


------------------------------------------------------------
SEARCHING FOR OPTIMAL THRESHOLDS...
------------------------------------------------------------

Best F1 threshold: 0.3500
  → Recall=0.8763, Precision=0.7427, F1=0.8040

Best threshold at Recall≥0.80: 0.4950
  → Recall=0.8017, Precision=0.7962, F1=0.7989

Best threshold at Recall≥0.90: 0.2950
  → Recall=0.9007, Precision=0.7176, F1=0.7988

============================================================
V1 RE-EVALUATION AT BEST-F1 THRESHOLD (0.3500)
============================================================

Metric                         Value
-------------------------------------
Threshold                     0.3500
Recall (PRIMARY)              0.8763
Precision                     0.7427
F1 Score                      0.8040
AUROC                         0.8869
AUPRC                         0.8763

Confusion Matrix:
  TN= 3,352   FP= 1,318
  FN=   537   TP= 3,804

Classification Report:
              precision    recall  f1-score   support

  Non-Crisis       0.86      0.72      0.78      4670
      Crisis       0.74      0.88      0.80      4341

    accuracy                           0.79      9011
   macro avg       0.80      0.80      0.79      9011
weighted avg       0.80      0.79      0.79      9011


============================================================
V1 RE-EVALUATION AT HIGH-RECALL THRESHOLD (0.4950)
============================================================

Metric                         Value
-------------------------------------
Threshold                     0.4950
Recall (PRIMARY)              0.8017
Precision                     0.7962
F1 Score                      0.7989
AUROC                         0.8869
AUPRC                         0.8763

Confusion Matrix:
  TN= 3,779   FP=   891
  FN=   861   TP= 3,480

Classification Report:
              precision    recall  f1-score   support

  Non-Crisis       0.81      0.81      0.81      4670
      Crisis       0.80      0.80      0.80      4341

    accuracy                           0.81      9011
   macro avg       0.81      0.81      0.81      9011
weighted avg       0.81      0.81      0.81      9011


============================================================
V1 THRESHOLD SWEEP (sampled)
============================================================
 Threshold     Recall  Precision         F1
------------------------------------------
      0.10     0.9790     0.5947     0.7400
      0.15     0.9618     0.6382     0.7673
      0.20     0.9408     0.6699     0.7826
      0.25     0.9203     0.6966     0.7930
      0.30     0.8991     0.7194     0.7993
      0.35     0.8763     0.7427     0.8040
      0.40     0.8487     0.7590     0.8013
      0.45     0.8258     0.7780     0.8012
      0.50     0.7987     0.7983     0.7985
      0.55     0.7678     0.8090     0.7879
      0.60     0.7381     0.8283     0.7806
      0.70     0.6563     0.8623     0.7453
      0.80     0.5547     0.9009     0.6866


============================================================
V2 THRESHOLD TUNING (Temporal Model)
============================================================
Val windows: 8,432
Val positive: 262 (3.11%)

------------------------------------------------------------
DEFAULT THRESHOLD (0.50)
------------------------------------------------------------

Metric                         Value
-------------------------------------
Threshold                     0.5000
Recall (PRIMARY)              0.0802
Precision                     0.2234
F1 Score                      0.1180
AUROC                         0.8842
AUPRC                         0.1603

Confusion Matrix:
  TN= 8,097   FP=    73
  FN=   241   TP=    21

Classification Report:
              precision    recall  f1-score   support

      Normal       0.97      0.99      0.98      8170
  Pre-Crisis       0.22      0.08      0.12       262

    accuracy                           0.96      8432
   macro avg       0.60      0.54      0.55      8432
weighted avg       0.95      0.96      0.95      8432


------------------------------------------------------------
SEARCHING FOR OPTIMAL THRESHOLDS...
------------------------------------------------------------

Best F1 threshold: 0.2000
  → Recall=0.4198, Precision=0.1682, F1=0.2402

Best threshold at Recall≥0.50: 0.1450
  → Recall=0.5267, Precision=0.1502, F1=0.2337

Best threshold at Recall≥0.70: 0.0600
  → Recall=0.7137, Precision=0.1176, F1=0.2019

============================================================
V2 RE-EVALUATION AT BEST-F1 THRESHOLD (0.2000)
============================================================

Metric                         Value
-------------------------------------
Threshold                     0.2000
Recall (PRIMARY)              0.4198
Precision                     0.1682
F1 Score                      0.2402
AUROC                         0.8842
AUPRC                         0.1603

Confusion Matrix:
  TN= 7,626   FP=   544
  FN=   152   TP=   110

Classification Report:
              precision    recall  f1-score   support

      Normal       0.98      0.93      0.96      8170
  Pre-Crisis       0.17      0.42      0.24       262

    accuracy                           0.92      8432
   macro avg       0.57      0.68      0.60      8432
weighted avg       0.96      0.92      0.93      8432


============================================================
V2 RE-EVALUATION AT RECALL≥0.50 THRESHOLD (0.1450)
============================================================

Metric                         Value
-------------------------------------
Threshold                     0.1450
Recall (PRIMARY)              0.5267
Precision                     0.1502
F1 Score                      0.2337
AUROC                         0.8842
AUPRC                         0.1603

Confusion Matrix:
  TN= 7,389   FP=   781
  FN=   124   TP=   138

Classification Report:
              precision    recall  f1-score   support

      Normal       0.98      0.90      0.94      8170
  Pre-Crisis       0.15      0.53      0.23       262

    accuracy                           0.89      8432
   macro avg       0.57      0.72      0.59      8432
weighted avg       0.96      0.89      0.92      8432


============================================================
V2 THRESHOLD SWEEP (sampled)
============================================================
 Threshold     Recall  Precision         F1
------------------------------------------
     0.010     0.9237     0.0946     0.1716
     0.020     0.8664     0.1002     0.1797
     0.030     0.8473     0.1085     0.1923
     0.050     0.7595     0.1154     0.2003
     0.080     0.6794     0.1273     0.2145
     0.100     0.6374     0.1349     0.2227
     0.150     0.4962     0.1464     0.2261
     0.200     0.4198     0.1682     0.2402
     0.300     0.2634     0.1811     0.2146
     0.400     0.1489     0.2010     0.1711
     0.500     0.0802     0.2234     0.1180
     0.600     0.0420     0.2500     0.0719
     0.700     0.0191     0.3571     0.0362


============================================================
SUMMARY
============================================================
V1 optimal threshold: 0.3500 (was 0.50)
V2 optimal threshold: 0.2000 (was 0.50)

✅ Threshold tuning complete.
