============================================================
V2 UNDERSAMPLING EXPERIMENT (85/15)
============================================================

Loading V1 user split...
Train users: 36,042, Val users: 9,011

============================================================
LOADING WINDOW-LEVEL DATA
============================================================
Loading 2019... 17,478 windows
Loading 2020... 22,297 windows
Loading 2021... 28,049 windows
Loading 2022... 16,363 windows

Combined: 84,187 windows

============================================================
REMOVING POST-CRISIS WINDOWS
============================================================
Before: 84,187 → After: 41,522 (removed 42,665)

Train: 33,090 windows (858 positive, 2.59%)
Val:   8,432 windows (262 positive, 3.11%)

============================================================
UNDERSAMPLING TRAINING SET (85% neg, 15% pos)
============================================================

Before undersampling: 32,232 negative, 858 positive (2.59%)
Undersampled NEGATIVE: 32,232 → 4,862
After: 4,862 negative, 858 positive (15.0%)
Data removed: 27,370 negative windows (84.9%)

============================================================
TRAINING XGBOOST (Undersampled 85/15)
============================================================
scale_pos_weight: 5.67
Training...
Model trained.

============================================================
EVALUATION AT DEFAULT THRESHOLD (0.50)
============================================================

Metric                         Value
-------------------------------------
Threshold                     0.5000
Recall (PRIMARY)              0.4924
Precision                     0.1316
F1 Score                      0.2077
AUROC                         0.8743
AUPRC                         0.1505

Confusion Matrix:
  TN= 7,319   FP=   851
  FN=   133   TP=   129

Classification Report:
              precision    recall  f1-score   support

      Normal       0.98      0.90      0.94      8170
  Pre-Crisis       0.13      0.49      0.21       262

    accuracy                           0.88      8432
   macro avg       0.56      0.69      0.57      8432
weighted avg       0.96      0.88      0.91      8432


============================================================
THRESHOLD OPTIMIZATION
============================================================
Best F1 threshold: 0.5300 (F1=0.2156)
Best at Recall≥0.50: threshold=0.4900, R=0.5000, P=0.1306, F1=0.2071
Best at Recall≥0.70: threshold=0.3000, R=0.7099, P=0.1176, F1=0.2017

============================================================
EVALUATION AT BEST-F1 THRESHOLD (0.53)
============================================================

Metric                         Value
-------------------------------------
Threshold                     0.5300
Recall (PRIMARY)              0.4695
Precision                     0.1399
F1 Score                      0.2156
AUROC                         0.8743
AUPRC                         0.1505

Confusion Matrix:
  TN= 7,414   FP=   756
  FN=   139   TP=   123

Classification Report:
              precision    recall  f1-score   support

      Normal       0.98      0.91      0.94      8170
  Pre-Crisis       0.14      0.47      0.22       262

    accuracy                           0.89      8432
   macro avg       0.56      0.69      0.58      8432
weighted avg       0.96      0.89      0.92      8432


============================================================
EVALUATION AT RECALL≥0.70 THRESHOLD (0.30)
============================================================

Metric                         Value
-------------------------------------
Threshold                     0.3000
Recall (PRIMARY)              0.7099
Precision                     0.1176
F1 Score                      0.2017
AUROC                         0.8743
AUPRC                         0.1505

Confusion Matrix:
  TN= 6,774   FP= 1,396
  FN=    76   TP=   186

Classification Report:
              precision    recall  f1-score   support

      Normal       0.99      0.83      0.90      8170
  Pre-Crisis       0.12      0.71      0.20       262

    accuracy                           0.83      8432
   macro avg       0.55      0.77      0.55      8432
weighted avg       0.96      0.83      0.88      8432


============================================================
THRESHOLD SWEEP
============================================================
 Threshold     Recall  Precision         F1
------------------------------------------
     0.010     0.9962     0.0786     0.1458
     0.020     0.9885     0.0825     0.1523
     0.050     0.9504     0.0873     0.1600
     0.080     0.9275     0.0922     0.1677
     0.100     0.8969     0.0934     0.1691
     0.150     0.8511     0.1003     0.1794
     0.200     0.8206     0.1076     0.1903
     0.300     0.7099     0.1176     0.2017
     0.400     0.5763     0.1206     0.1995
     0.500     0.4924     0.1316     0.2077
     0.600     0.3702     0.1390     0.2021
     0.700     0.2634     0.1540     0.1944


============================================================
COMPARISON: CURRENT V2 vs UNDERSAMPLED V2
============================================================

Metric                    Current V2    Undersampled       Winner
                     (weight+thresh)         (85/15)
-----------------------------------------------------------------
  Threshold                     0.06            0.53             
  Recall                      0.7137          0.4695      Current
  Precision                   0.1176          0.1399    Undersamp
  F1 Score                    0.2019          0.2156    Undersamp
  AUROC                       0.8842          0.8743      Current
  AUPRC                       0.1603          0.1505      Current
  Missed (FN)                     75             139      Current
  Caught (TP)                    187             123      Current

--- At matched recall ≥0.70 ---
  Current V2:      Recall=0.7137, Precision=0.1176 (threshold=0.06)
  Undersampled V2: Recall=0.7099, Precision=0.1176 (threshold=0.30)

============================================================
SAVING ARTIFACTS
============================================================
Saved: v2_undersampled_model.pkl
Saved: v2_undersampled_metrics.pkl
Saved: undersampling_experiment.log

✅ UNDERSAMPLING EXPERIMENT COMPLETE.
